2026-01-24 17:20:46 - root - INFO - [logger_config.py:63] - Логирование настроено. Файлы логов: logs
2026-01-24 17:20:46 - root - DEBUG - [logger_config.py:64] - Консольный уровень: 20, файловый уровень: 10
2026-01-24 17:20:46 - src.pipeline.pipeline - WARNING - [pipeline.py:41] - processing_workers увеличен до 3, чтобы корректно завершать pipeline
2026-01-24 17:20:46 - src.pipeline.pipeline - WARNING - [pipeline.py:46] - saving_workers увеличен до 3, чтобы корректно завершать pipeline
2026-01-24 17:20:46 - src.api.cat_api_client - DEBUG - [cat_api_client.py:72] - Запрашиваем 10 изображений с API
2026-01-24 17:20:48 - src.api.cat_api_client - DEBUG - [cat_api_client.py:84] - Получено 10 изображений от API
2026-01-24 17:20:48 - src.pipeline.queues.image_queue - DEBUG - [image_queue.py:40] - Элемент добавлен в очередь 'download'
2026-01-24 17:20:48 - src.pipeline.queues.image_queue - DEBUG - [image_queue.py:40] - Элемент добавлен в очередь 'download'
2026-01-24 17:20:48 - src.pipeline.queues.image_queue - DEBUG - [image_queue.py:40] - Элемент добавлен в очередь 'download'
2026-01-24 17:20:48 - src.pipeline.queues.image_queue - DEBUG - [image_queue.py:40] - Элемент добавлен в очередь 'download'
2026-01-24 17:20:48 - src.pipeline.queues.image_queue - DEBUG - [image_queue.py:40] - Элемент добавлен в очередь 'download'
2026-01-24 17:20:48 - src.pipeline.queues.image_queue - DEBUG - [image_queue.py:40] - Элемент добавлен в очередь 'download'
2026-01-24 17:20:48 - src.pipeline.queues.image_queue - DEBUG - [image_queue.py:40] - Элемент добавлен в очередь 'download'
2026-01-24 17:20:48 - src.pipeline.queues.image_queue - DEBUG - [image_queue.py:40] - Элемент добавлен в очередь 'download'
2026-01-24 17:20:48 - src.pipeline.queues.image_queue - DEBUG - [image_queue.py:40] - Элемент добавлен в очередь 'download'
2026-01-24 17:20:48 - src.pipeline.queues.image_queue - DEBUG - [image_queue.py:40] - Элемент добавлен в очередь 'download'
2026-01-24 17:20:48 - src.pipeline.queues.image_queue - DEBUG - [image_queue.py:44] - Элемент получен из очереди 'download'
2026-01-24 17:20:48 - src.pipeline.workers.download_worker - DEBUG - [download_worker.py:61] - Скачивание изображения: https://cdn2.thecatapi.com/images/v104en-YP.jpg
2026-01-24 17:20:48 - src.pipeline.queues.image_queue - DEBUG - [image_queue.py:44] - Элемент получен из очереди 'download'
2026-01-24 17:20:48 - src.pipeline.workers.download_worker - DEBUG - [download_worker.py:61] - Скачивание изображения: https://cdn2.thecatapi.com/images/oxuem0v7U.jpg
2026-01-24 17:20:48 - src.pipeline.queues.image_queue - DEBUG - [image_queue.py:44] - Элемент получен из очереди 'download'
2026-01-24 17:20:48 - src.pipeline.workers.download_worker - DEBUG - [download_worker.py:61] - Скачивание изображения: https://cdn2.thecatapi.com/images/vJ3lEYgXr.jpg
2026-01-24 17:20:48 - src.pipeline.queues.image_queue - DEBUG - [image_queue.py:40] - Элемент добавлен в очередь 'download'
2026-01-24 17:20:48 - src.pipeline.queues.image_queue - DEBUG - [image_queue.py:40] - Элемент добавлен в очередь 'download'
2026-01-24 17:20:48 - src.pipeline.queues.image_queue - DEBUG - [image_queue.py:40] - Элемент добавлен в очередь 'download'
2026-01-24 17:20:48 - src.pipeline.queues.image_queue - DEBUG - [image_queue.py:52] - Ожидание завершения очереди 'download'
2026-01-24 17:20:50 - src.pipeline.queues.image_queue - DEBUG - [image_queue.py:40] - Элемент добавлен в очередь 'processing'
2026-01-24 17:20:50 - src.pipeline.queues.image_queue - DEBUG - [image_queue.py:49] - task_done() для очереди 'download'
2026-01-24 17:20:50 - src.pipeline.queues.image_queue - DEBUG - [image_queue.py:44] - Элемент получен из очереди 'download'
2026-01-24 17:20:50 - src.pipeline.workers.download_worker - DEBUG - [download_worker.py:61] - Скачивание изображения: https://cdn2.thecatapi.com/images/cyel25FXN.jpg
2026-01-24 17:20:50 - src.pipeline.queues.image_queue - DEBUG - [image_queue.py:44] - Элемент получен из очереди 'processing'
2026-01-24 17:20:50 - src.pipeline.workers.processing_worker - DEBUG - [processing_worker.py:58] - Обработка изображения: breed=Chausie, index=2
2026-01-24 17:20:51 - src.pipeline.queues.image_queue - DEBUG - [image_queue.py:40] - Элемент добавлен в очередь 'processing'
2026-01-24 17:20:51 - src.pipeline.queues.image_queue - DEBUG - [image_queue.py:49] - task_done() для очереди 'download'
2026-01-24 17:20:51 - src.pipeline.queues.image_queue - DEBUG - [image_queue.py:44] - Элемент получен из очереди 'download'
2026-01-24 17:20:51 - src.pipeline.workers.download_worker - DEBUG - [download_worker.py:61] - Скачивание изображения: https://cdn2.thecatapi.com/images/7399W9mut.jpg
2026-01-24 17:20:51 - src.pipeline.queues.image_queue - DEBUG - [image_queue.py:44] - Элемент получен из очереди 'processing'
2026-01-24 17:20:51 - src.pipeline.workers.processing_worker - DEBUG - [processing_worker.py:58] - Обработка изображения: breed=Egyptian Mau, index=1
2026-01-24 17:20:51 - src.pipeline.queues.image_queue - DEBUG - [image_queue.py:40] - Элемент добавлен в очередь 'processing'
2026-01-24 17:20:51 - src.pipeline.queues.image_queue - DEBUG - [image_queue.py:49] - task_done() для очереди 'download'
2026-01-24 17:20:51 - src.pipeline.queues.image_queue - DEBUG - [image_queue.py:44] - Элемент получен из очереди 'download'
2026-01-24 17:20:51 - src.pipeline.workers.download_worker - DEBUG - [download_worker.py:61] - Скачивание изображения: https://cdn2.thecatapi.com/images/nd9FDCrLY.jpg
2026-01-24 17:20:51 - src.pipeline.queues.image_queue - DEBUG - [image_queue.py:44] - Элемент получен из очереди 'processing'
2026-01-24 17:20:51 - src.pipeline.workers.processing_worker - DEBUG - [processing_worker.py:58] - Обработка изображения: breed=Munchkin, index=3
2026-01-24 17:20:51 - src.pipeline.queues.image_queue - DEBUG - [image_queue.py:40] - Элемент добавлен в очередь 'processing'
2026-01-24 17:20:51 - src.pipeline.queues.image_queue - DEBUG - [image_queue.py:49] - task_done() для очереди 'download'
2026-01-24 17:20:51 - src.pipeline.queues.image_queue - DEBUG - [image_queue.py:44] - Элемент получен из очереди 'download'
2026-01-24 17:20:51 - src.pipeline.workers.download_worker - DEBUG - [download_worker.py:61] - Скачивание изображения: https://cdn2.thecatapi.com/images/f0UR7b5nA.jpg
2026-01-24 17:20:52 - src.pipeline.queues.image_queue - DEBUG - [image_queue.py:40] - Элемент добавлен в очередь 'processing'
2026-01-24 17:20:52 - src.pipeline.queues.image_queue - DEBUG - [image_queue.py:49] - task_done() для очереди 'download'
2026-01-24 17:20:52 - src.pipeline.queues.image_queue - DEBUG - [image_queue.py:44] - Элемент получен из очереди 'download'
2026-01-24 17:20:52 - src.pipeline.workers.download_worker - DEBUG - [download_worker.py:61] - Скачивание изображения: https://cdn2.thecatapi.com/images/_PEqOH17A.jpg
2026-01-24 17:20:52 - src.pipeline.queues.image_queue - DEBUG - [image_queue.py:40] - Элемент добавлен в очередь 'processing'
2026-01-24 17:20:52 - src.pipeline.queues.image_queue - DEBUG - [image_queue.py:49] - task_done() для очереди 'download'
2026-01-24 17:20:52 - src.pipeline.queues.image_queue - DEBUG - [image_queue.py:44] - Элемент получен из очереди 'download'
2026-01-24 17:20:52 - src.pipeline.workers.download_worker - DEBUG - [download_worker.py:61] - Скачивание изображения: https://cdn2.thecatapi.com/images/GIpj4xxPA.jpg
2026-01-24 17:20:52 - src.pipeline.queues.image_queue - DEBUG - [image_queue.py:40] - Элемент добавлен в очередь 'processing'
2026-01-24 17:20:52 - src.pipeline.queues.image_queue - DEBUG - [image_queue.py:49] - task_done() для очереди 'download'
2026-01-24 17:20:52 - src.pipeline.queues.image_queue - DEBUG - [image_queue.py:44] - Элемент получен из очереди 'download'
2026-01-24 17:20:52 - src.pipeline.workers.download_worker - DEBUG - [download_worker.py:61] - Скачивание изображения: https://cdn2.thecatapi.com/images/JWiXSI6QG.jpg
2026-01-24 17:20:52 - src.pipeline.queues.image_queue - DEBUG - [image_queue.py:40] - Элемент добавлен в очередь 'processing'
2026-01-24 17:20:52 - src.pipeline.queues.image_queue - DEBUG - [image_queue.py:49] - task_done() для очереди 'download'
2026-01-24 17:20:52 - src.pipeline.queues.image_queue - DEBUG - [image_queue.py:44] - Элемент получен из очереди 'download'
2026-01-24 17:20:52 - src.pipeline.queues.image_queue - DEBUG - [image_queue.py:40] - Элемент добавлен в очередь 'processing'
2026-01-24 17:20:52 - src.pipeline.queues.image_queue - DEBUG - [image_queue.py:49] - task_done() для очереди 'download'
2026-01-24 17:20:52 - src.pipeline.queues.image_queue - DEBUG - [image_queue.py:40] - Элемент добавлен в очередь 'processing'
2026-01-24 17:20:52 - src.pipeline.queues.image_queue - DEBUG - [image_queue.py:49] - task_done() для очереди 'download'
2026-01-24 17:20:52 - src.pipeline.queues.image_queue - DEBUG - [image_queue.py:44] - Элемент получен из очереди 'download'
2026-01-24 17:20:52 - src.pipeline.queues.image_queue - DEBUG - [image_queue.py:40] - Элемент добавлен в очередь 'processing'
2026-01-24 17:20:52 - src.pipeline.queues.image_queue - DEBUG - [image_queue.py:49] - task_done() для очереди 'download'
2026-01-24 17:20:53 - src.pipeline.queues.image_queue - DEBUG - [image_queue.py:40] - Элемент добавлен в очередь 'processing'
2026-01-24 17:20:53 - src.pipeline.queues.image_queue - DEBUG - [image_queue.py:49] - task_done() для очереди 'download'
2026-01-24 17:20:53 - src.pipeline.queues.image_queue - DEBUG - [image_queue.py:44] - Элемент получен из очереди 'download'
2026-01-24 17:20:53 - src.pipeline.queues.image_queue - DEBUG - [image_queue.py:40] - Элемент добавлен в очередь 'processing'
2026-01-24 17:20:53 - src.pipeline.queues.image_queue - DEBUG - [image_queue.py:49] - task_done() для очереди 'download'
2026-01-24 17:20:53 - src.pipeline.queues.image_queue - DEBUG - [image_queue.py:54] - Очередь 'download' обработана полностью
2026-01-24 17:20:53 - src.pipeline.queues.image_queue - DEBUG - [image_queue.py:52] - Ожидание завершения очереди 'processing'
2026-01-24 17:20:58 - src.pipeline.queues.image_queue - DEBUG - [image_queue.py:40] - Элемент добавлен в очередь 'saving'
2026-01-24 17:20:58 - src.pipeline.queues.image_queue - DEBUG - [image_queue.py:49] - task_done() для очереди 'processing'
2026-01-24 17:20:58 - src.pipeline.queues.image_queue - DEBUG - [image_queue.py:44] - Элемент получен из очереди 'processing'
2026-01-24 17:20:58 - src.pipeline.workers.processing_worker - DEBUG - [processing_worker.py:58] - Обработка изображения: breed=Munchkin, index=4
2026-01-24 17:20:58 - src.pipeline.queues.image_queue - DEBUG - [image_queue.py:44] - Элемент получен из очереди 'saving'
2026-01-24 17:20:59 - src.pipeline.workers.saving_worker - DEBUG - [saving_worker.py:68] - Сохранено: processed_cats/Chausie/2026-01-24_17-20-46
2026-01-24 17:20:59 - src.pipeline.queues.image_queue - DEBUG - [image_queue.py:49] - task_done() для очереди 'saving'
2026-01-24 17:21:02 - src.pipeline.queues.image_queue - DEBUG - [image_queue.py:40] - Элемент добавлен в очередь 'saving'
2026-01-24 17:21:02 - src.pipeline.queues.image_queue - DEBUG - [image_queue.py:49] - task_done() для очереди 'processing'
2026-01-24 17:21:02 - src.pipeline.queues.image_queue - DEBUG - [image_queue.py:44] - Элемент получен из очереди 'processing'
2026-01-24 17:21:02 - src.pipeline.workers.processing_worker - DEBUG - [processing_worker.py:58] - Обработка изображения: breed=Somali, index=6
2026-01-24 17:21:02 - src.pipeline.queues.image_queue - DEBUG - [image_queue.py:44] - Элемент получен из очереди 'saving'
2026-01-24 17:21:02 - src.pipeline.workers.saving_worker - DEBUG - [saving_worker.py:68] - Сохранено: processed_cats/Munchkin/2026-01-24_17-20-46
2026-01-24 17:21:02 - src.pipeline.queues.image_queue - DEBUG - [image_queue.py:49] - task_done() для очереди 'saving'
2026-01-24 17:21:07 - src.pipeline.queues.image_queue - DEBUG - [image_queue.py:40] - Элемент добавлен в очередь 'saving'
2026-01-24 17:21:07 - src.pipeline.queues.image_queue - DEBUG - [image_queue.py:49] - task_done() для очереди 'processing'
2026-01-24 17:21:07 - src.pipeline.queues.image_queue - DEBUG - [image_queue.py:44] - Элемент получен из очереди 'processing'
2026-01-24 17:21:07 - src.pipeline.workers.processing_worker - DEBUG - [processing_worker.py:58] - Обработка изображения: breed=Scottish Fold, index=5
2026-01-24 17:21:07 - src.pipeline.queues.image_queue - DEBUG - [image_queue.py:44] - Элемент получен из очереди 'saving'
2026-01-24 17:21:07 - src.pipeline.workers.saving_worker - DEBUG - [saving_worker.py:68] - Сохранено: processed_cats/Munchkin/2026-01-24_17-20-46
2026-01-24 17:21:07 - src.pipeline.queues.image_queue - DEBUG - [image_queue.py:49] - task_done() для очереди 'saving'
2026-01-24 17:21:07 - src.pipeline.queues.image_queue - DEBUG - [image_queue.py:40] - Элемент добавлен в очередь 'saving'
2026-01-24 17:21:07 - src.pipeline.queues.image_queue - DEBUG - [image_queue.py:49] - task_done() для очереди 'processing'
2026-01-24 17:21:07 - src.pipeline.queues.image_queue - DEBUG - [image_queue.py:44] - Элемент получен из очереди 'processing'
2026-01-24 17:21:07 - src.pipeline.workers.processing_worker - DEBUG - [processing_worker.py:58] - Обработка изображения: breed=Turkish Angora, index=8
2026-01-24 17:21:07 - src.pipeline.queues.image_queue - DEBUG - [image_queue.py:44] - Элемент получен из очереди 'saving'
2026-01-24 17:21:07 - src.pipeline.workers.saving_worker - DEBUG - [saving_worker.py:68] - Сохранено: processed_cats/Somali/2026-01-24_17-20-46
2026-01-24 17:21:07 - src.pipeline.queues.image_queue - DEBUG - [image_queue.py:49] - task_done() для очереди 'saving'
2026-01-24 17:21:08 - src.pipeline.queues.image_queue - DEBUG - [image_queue.py:40] - Элемент добавлен в очередь 'saving'
2026-01-24 17:21:08 - src.pipeline.queues.image_queue - DEBUG - [image_queue.py:49] - task_done() для очереди 'processing'
2026-01-24 17:21:08 - src.pipeline.queues.image_queue - DEBUG - [image_queue.py:44] - Элемент получен из очереди 'processing'
2026-01-24 17:21:08 - src.pipeline.workers.processing_worker - DEBUG - [processing_worker.py:58] - Обработка изображения: breed=Turkish Van, index=9
2026-01-24 17:21:08 - src.pipeline.queues.image_queue - DEBUG - [image_queue.py:44] - Элемент получен из очереди 'saving'
2026-01-24 17:21:08 - src.pipeline.workers.saving_worker - DEBUG - [saving_worker.py:68] - Сохранено: processed_cats/Egyptian Mau/2026-01-24_17-20-46
2026-01-24 17:21:08 - src.pipeline.queues.image_queue - DEBUG - [image_queue.py:49] - task_done() для очереди 'saving'
2026-01-24 17:21:14 - src.pipeline.queues.image_queue - DEBUG - [image_queue.py:40] - Элемент добавлен в очередь 'saving'
2026-01-24 17:21:14 - src.pipeline.queues.image_queue - DEBUG - [image_queue.py:49] - task_done() для очереди 'processing'
2026-01-24 17:21:14 - src.pipeline.queues.image_queue - DEBUG - [image_queue.py:44] - Элемент получен из очереди 'processing'
2026-01-24 17:21:14 - src.pipeline.queues.image_queue - DEBUG - [image_queue.py:40] - Элемент добавлен в очередь 'saving'
2026-01-24 17:21:14 - src.pipeline.queues.image_queue - DEBUG - [image_queue.py:49] - task_done() для очереди 'processing'
2026-01-24 17:21:14 - src.pipeline.queues.image_queue - DEBUG - [image_queue.py:44] - Элемент получен из очереди 'saving'
2026-01-24 17:21:14 - src.pipeline.workers.saving_worker - DEBUG - [saving_worker.py:68] - Сохранено: processed_cats/Scottish Fold/2026-01-24_17-20-46
2026-01-24 17:21:14 - src.pipeline.queues.image_queue - DEBUG - [image_queue.py:49] - task_done() для очереди 'saving'
2026-01-24 17:21:14 - src.pipeline.queues.image_queue - DEBUG - [image_queue.py:44] - Элемент получен из очереди 'saving'
2026-01-24 17:21:14 - src.pipeline.queues.image_queue - DEBUG - [image_queue.py:49] - task_done() для очереди 'saving'
2026-01-24 17:21:15 - src.pipeline.queues.image_queue - DEBUG - [image_queue.py:40] - Элемент добавлен в очередь 'saving'
2026-01-24 17:21:15 - src.pipeline.queues.image_queue - DEBUG - [image_queue.py:49] - task_done() для очереди 'processing'
2026-01-24 17:21:15 - src.pipeline.queues.image_queue - DEBUG - [image_queue.py:44] - Элемент получен из очереди 'processing'
2026-01-24 17:21:15 - src.pipeline.workers.processing_worker - DEBUG - [processing_worker.py:58] - Обработка изображения: breed=British Shorthair, index=0
2026-01-24 17:21:15 - src.pipeline.queues.image_queue - DEBUG - [image_queue.py:44] - Элемент получен из очереди 'saving'
2026-01-24 17:21:15 - src.pipeline.workers.saving_worker - DEBUG - [saving_worker.py:68] - Сохранено: processed_cats/Turkish Angora/2026-01-24_17-20-46
2026-01-24 17:21:15 - src.pipeline.queues.image_queue - DEBUG - [image_queue.py:49] - task_done() для очереди 'saving'
2026-01-24 17:21:21 - src.pipeline.queues.image_queue - DEBUG - [image_queue.py:40] - Элемент добавлен в очередь 'saving'
2026-01-24 17:21:21 - src.pipeline.queues.image_queue - DEBUG - [image_queue.py:49] - task_done() для очереди 'processing'
2026-01-24 17:21:21 - src.pipeline.queues.image_queue - DEBUG - [image_queue.py:44] - Элемент получен из очереди 'processing'
2026-01-24 17:21:21 - src.pipeline.queues.image_queue - DEBUG - [image_queue.py:40] - Элемент добавлен в очередь 'saving'
2026-01-24 17:21:21 - src.pipeline.queues.image_queue - DEBUG - [image_queue.py:49] - task_done() для очереди 'processing'
2026-01-24 17:21:21 - src.pipeline.queues.image_queue - DEBUG - [image_queue.py:44] - Элемент получен из очереди 'saving'
2026-01-24 17:21:21 - src.pipeline.workers.saving_worker - DEBUG - [saving_worker.py:68] - Сохранено: processed_cats/Turkish Van/2026-01-24_17-20-46
2026-01-24 17:21:21 - src.pipeline.queues.image_queue - DEBUG - [image_queue.py:49] - task_done() для очереди 'saving'
2026-01-24 17:21:21 - src.pipeline.queues.image_queue - DEBUG - [image_queue.py:44] - Элемент получен из очереди 'saving'
2026-01-24 17:21:21 - src.pipeline.queues.image_queue - DEBUG - [image_queue.py:49] - task_done() для очереди 'saving'
2026-01-24 17:21:26 - src.pipeline.queues.image_queue - DEBUG - [image_queue.py:40] - Элемент добавлен в очередь 'saving'
2026-01-24 17:21:26 - src.pipeline.queues.image_queue - DEBUG - [image_queue.py:49] - task_done() для очереди 'processing'
2026-01-24 17:21:26 - src.pipeline.queues.image_queue - DEBUG - [image_queue.py:44] - Элемент получен из очереди 'processing'
2026-01-24 17:21:26 - src.pipeline.workers.processing_worker - DEBUG - [processing_worker.py:58] - Обработка изображения: breed=Cyprus, index=7
2026-01-24 17:21:26 - src.pipeline.queues.image_queue - DEBUG - [image_queue.py:44] - Элемент получен из очереди 'saving'
2026-01-24 17:21:26 - src.pipeline.workers.saving_worker - DEBUG - [saving_worker.py:68] - Сохранено: processed_cats/British Shorthair/2026-01-24_17-20-46
2026-01-24 17:21:26 - src.pipeline.queues.image_queue - DEBUG - [image_queue.py:49] - task_done() для очереди 'saving'
2026-01-24 17:21:34 - src.pipeline.queues.image_queue - DEBUG - [image_queue.py:40] - Элемент добавлен в очередь 'saving'
2026-01-24 17:21:34 - src.pipeline.queues.image_queue - DEBUG - [image_queue.py:49] - task_done() для очереди 'processing'
2026-01-24 17:21:34 - src.pipeline.queues.image_queue - DEBUG - [image_queue.py:44] - Элемент получен из очереди 'processing'
2026-01-24 17:21:34 - src.pipeline.queues.image_queue - DEBUG - [image_queue.py:40] - Элемент добавлен в очередь 'saving'
2026-01-24 17:21:34 - src.pipeline.queues.image_queue - DEBUG - [image_queue.py:49] - task_done() для очереди 'processing'
2026-01-24 17:21:34 - src.pipeline.queues.image_queue - DEBUG - [image_queue.py:44] - Элемент получен из очереди 'saving'
2026-01-24 17:21:34 - src.pipeline.workers.saving_worker - DEBUG - [saving_worker.py:68] - Сохранено: processed_cats/Cyprus/2026-01-24_17-20-46
2026-01-24 17:21:34 - src.pipeline.queues.image_queue - DEBUG - [image_queue.py:49] - task_done() для очереди 'saving'
2026-01-24 17:21:34 - src.pipeline.queues.image_queue - DEBUG - [image_queue.py:44] - Элемент получен из очереди 'saving'
2026-01-24 17:21:34 - src.pipeline.queues.image_queue - DEBUG - [image_queue.py:49] - task_done() для очереди 'saving'
2026-01-24 17:21:34 - src.pipeline.queues.image_queue - DEBUG - [image_queue.py:54] - Очередь 'processing' обработана полностью
2026-01-24 17:21:34 - src.pipeline.queues.image_queue - DEBUG - [image_queue.py:52] - Ожидание завершения очереди 'saving'
2026-01-24 17:21:34 - src.pipeline.queues.image_queue - DEBUG - [image_queue.py:54] - Очередь 'saving' обработана полностью
2026-01-24 17:21:34 - src.pipeline.pipeline - INFO - [pipeline.py:100] - Pipeline завершён
2026-01-24 17:26:39 - root - INFO - [logger_config.py:63] - Логирование настроено. Файлы логов: logs
2026-01-24 17:26:39 - root - DEBUG - [logger_config.py:64] - Консольный уровень: 20, файловый уровень: 10
2026-01-24 17:26:39 - src.pipeline.pipeline - WARNING - [pipeline.py:41] - processing_workers увеличен до 3, чтобы корректно завершать pipeline
2026-01-24 17:26:39 - src.pipeline.pipeline - WARNING - [pipeline.py:46] - saving_workers увеличен до 3, чтобы корректно завершать pipeline
2026-01-24 17:26:39 - src.api.cat_api_client - DEBUG - [cat_api_client.py:72] - Запрашиваем 3 изображений с API
2026-01-24 17:26:40 - src.api.cat_api_client - DEBUG - [cat_api_client.py:84] - Получено 3 изображений от API
2026-01-24 17:26:40 - src.pipeline.queues.image_queue - DEBUG - [image_queue.py:40] - Элемент добавлен в очередь 'download'
2026-01-24 17:26:40 - src.pipeline.queues.image_queue - DEBUG - [image_queue.py:40] - Элемент добавлен в очередь 'download'
2026-01-24 17:26:40 - src.pipeline.queues.image_queue - DEBUG - [image_queue.py:40] - Элемент добавлен в очередь 'download'
2026-01-24 17:26:40 - src.pipeline.queues.image_queue - DEBUG - [image_queue.py:40] - Элемент добавлен в очередь 'download'
2026-01-24 17:26:40 - src.pipeline.queues.image_queue - DEBUG - [image_queue.py:40] - Элемент добавлен в очередь 'download'
2026-01-24 17:26:40 - src.pipeline.queues.image_queue - DEBUG - [image_queue.py:40] - Элемент добавлен в очередь 'download'
2026-01-24 17:26:40 - src.pipeline.queues.image_queue - DEBUG - [image_queue.py:52] - Ожидание завершения очереди 'download'
2026-01-24 17:26:40 - src.pipeline.queues.image_queue - DEBUG - [image_queue.py:44] - Элемент получен из очереди 'download'
2026-01-24 17:26:40 - src.pipeline.workers.download_worker - DEBUG - [download_worker.py:61] - Скачивание изображения: https://cdn2.thecatapi.com/images/UhqCZ7tC4.jpg
2026-01-24 17:26:40 - src.pipeline.queues.image_queue - DEBUG - [image_queue.py:44] - Элемент получен из очереди 'download'
2026-01-24 17:26:40 - src.pipeline.workers.download_worker - DEBUG - [download_worker.py:61] - Скачивание изображения: https://cdn2.thecatapi.com/images/GwRBXx7-w.jpg
2026-01-24 17:26:40 - src.pipeline.queues.image_queue - DEBUG - [image_queue.py:44] - Элемент получен из очереди 'download'
2026-01-24 17:26:40 - src.pipeline.workers.download_worker - DEBUG - [download_worker.py:61] - Скачивание изображения: https://cdn2.thecatapi.com/images/YLN2chAIF.jpg
2026-01-24 17:26:42 - src.pipeline.queues.image_queue - DEBUG - [image_queue.py:40] - Элемент добавлен в очередь 'processing'
2026-01-24 17:26:42 - src.pipeline.queues.image_queue - DEBUG - [image_queue.py:49] - task_done() для очереди 'download'
2026-01-24 17:26:42 - src.pipeline.queues.image_queue - DEBUG - [image_queue.py:44] - Элемент получен из очереди 'download'
2026-01-24 17:26:42 - src.pipeline.queues.image_queue - DEBUG - [image_queue.py:40] - Элемент добавлен в очередь 'processing'
2026-01-24 17:26:42 - src.pipeline.queues.image_queue - DEBUG - [image_queue.py:49] - task_done() для очереди 'download'
2026-01-24 17:26:42 - src.pipeline.queues.image_queue - DEBUG - [image_queue.py:44] - Элемент получен из очереди 'processing'
2026-01-24 17:26:42 - src.pipeline.workers.processing_worker - DEBUG - [processing_worker.py:58] - Обработка изображения: breed=Nebelung, index=1
2026-01-24 17:26:42 - src.pipeline.queues.image_queue - DEBUG - [image_queue.py:44] - Элемент получен из очереди 'processing'
2026-01-24 17:26:42 - src.pipeline.queues.image_queue - DEBUG - [image_queue.py:40] - Элемент добавлен в очередь 'saving'
2026-01-24 17:26:42 - src.pipeline.queues.image_queue - DEBUG - [image_queue.py:49] - task_done() для очереди 'processing'
2026-01-24 17:26:42 - src.pipeline.queues.image_queue - DEBUG - [image_queue.py:44] - Элемент получен из очереди 'saving'
2026-01-24 17:26:42 - src.pipeline.queues.image_queue - DEBUG - [image_queue.py:49] - task_done() для очереди 'saving'
2026-01-24 17:26:49 - src.pipeline.queues.image_queue - DEBUG - [image_queue.py:40] - Элемент добавлен в очередь 'processing'
2026-01-24 17:26:49 - src.pipeline.queues.image_queue - DEBUG - [image_queue.py:49] - task_done() для очереди 'download'
2026-01-24 17:26:49 - src.pipeline.queues.image_queue - DEBUG - [image_queue.py:44] - Элемент получен из очереди 'download'
2026-01-24 17:26:49 - src.pipeline.queues.image_queue - DEBUG - [image_queue.py:40] - Элемент добавлен в очередь 'processing'
2026-01-24 17:26:49 - src.pipeline.queues.image_queue - DEBUG - [image_queue.py:49] - task_done() для очереди 'download'
2026-01-24 17:26:49 - src.pipeline.queues.image_queue - DEBUG - [image_queue.py:44] - Элемент получен из очереди 'processing'
2026-01-24 17:26:49 - src.pipeline.workers.processing_worker - DEBUG - [processing_worker.py:58] - Обработка изображения: breed=Siberian, index=2
2026-01-24 17:26:51 - src.pipeline.queues.image_queue - DEBUG - [image_queue.py:40] - Элемент добавлен в очередь 'processing'
2026-01-24 17:26:51 - src.pipeline.queues.image_queue - DEBUG - [image_queue.py:49] - task_done() для очереди 'download'
2026-01-24 17:26:51 - src.pipeline.queues.image_queue - DEBUG - [image_queue.py:44] - Элемент получен из очереди 'download'
2026-01-24 17:26:51 - src.pipeline.queues.image_queue - DEBUG - [image_queue.py:40] - Элемент добавлен в очередь 'processing'
2026-01-24 17:26:51 - src.pipeline.queues.image_queue - DEBUG - [image_queue.py:49] - task_done() для очереди 'download'
2026-01-24 17:26:51 - src.pipeline.queues.image_queue - DEBUG - [image_queue.py:54] - Очередь 'download' обработана полностью
2026-01-24 17:26:51 - src.pipeline.queues.image_queue - DEBUG - [image_queue.py:52] - Ожидание завершения очереди 'processing'
2026-01-24 17:26:52 - src.pipeline.queues.image_queue - DEBUG - [image_queue.py:40] - Элемент добавлен в очередь 'saving'
2026-01-24 17:26:52 - src.pipeline.queues.image_queue - DEBUG - [image_queue.py:49] - task_done() для очереди 'processing'
2026-01-24 17:26:52 - src.pipeline.queues.image_queue - DEBUG - [image_queue.py:44] - Элемент получен из очереди 'processing'
2026-01-24 17:26:52 - src.pipeline.queues.image_queue - DEBUG - [image_queue.py:40] - Элемент добавлен в очередь 'saving'
2026-01-24 17:26:52 - src.pipeline.queues.image_queue - DEBUG - [image_queue.py:49] - task_done() для очереди 'processing'
2026-01-24 17:26:52 - src.pipeline.queues.image_queue - DEBUG - [image_queue.py:44] - Элемент получен из очереди 'saving'
2026-01-24 17:26:52 - src.pipeline.workers.saving_worker - DEBUG - [saving_worker.py:68] - Сохранено: processed_cats/Nebelung/2026-01-24_17-26-39
2026-01-24 17:26:52 - src.pipeline.queues.image_queue - DEBUG - [image_queue.py:49] - task_done() для очереди 'saving'
2026-01-24 17:26:52 - src.pipeline.queues.image_queue - DEBUG - [image_queue.py:44] - Элемент получен из очереди 'saving'
2026-01-24 17:26:52 - src.pipeline.queues.image_queue - DEBUG - [image_queue.py:49] - task_done() для очереди 'saving'
2026-01-24 17:27:06 - src.pipeline.queues.image_queue - DEBUG - [image_queue.py:40] - Элемент добавлен в очередь 'saving'
2026-01-24 17:27:06 - src.pipeline.queues.image_queue - DEBUG - [image_queue.py:49] - task_done() для очереди 'processing'
2026-01-24 17:27:06 - src.pipeline.queues.image_queue - DEBUG - [image_queue.py:44] - Элемент получен из очереди 'processing'
2026-01-24 17:27:06 - src.pipeline.workers.processing_worker - DEBUG - [processing_worker.py:58] - Обработка изображения: breed=Bengal, index=0
2026-01-24 17:27:06 - src.pipeline.queues.image_queue - DEBUG - [image_queue.py:44] - Элемент получен из очереди 'saving'
2026-01-24 17:27:07 - src.pipeline.workers.saving_worker - DEBUG - [saving_worker.py:68] - Сохранено: processed_cats/Siberian/2026-01-24_17-26-39
2026-01-24 17:27:07 - src.pipeline.queues.image_queue - DEBUG - [image_queue.py:49] - task_done() для очереди 'saving'
2026-01-24 17:27:24 - src.pipeline.queues.image_queue - DEBUG - [image_queue.py:40] - Элемент добавлен в очередь 'saving'
2026-01-24 17:27:24 - src.pipeline.queues.image_queue - DEBUG - [image_queue.py:49] - task_done() для очереди 'processing'
2026-01-24 17:27:24 - src.pipeline.queues.image_queue - DEBUG - [image_queue.py:44] - Элемент получен из очереди 'processing'
2026-01-24 17:27:24 - src.pipeline.queues.image_queue - DEBUG - [image_queue.py:40] - Элемент добавлен в очередь 'saving'
2026-01-24 17:27:24 - src.pipeline.queues.image_queue - DEBUG - [image_queue.py:49] - task_done() для очереди 'processing'
2026-01-24 17:27:24 - src.pipeline.queues.image_queue - DEBUG - [image_queue.py:44] - Элемент получен из очереди 'saving'
2026-01-24 17:27:24 - src.pipeline.workers.saving_worker - DEBUG - [saving_worker.py:68] - Сохранено: processed_cats/Bengal/2026-01-24_17-26-39
2026-01-24 17:27:24 - src.pipeline.queues.image_queue - DEBUG - [image_queue.py:49] - task_done() для очереди 'saving'
2026-01-24 17:27:24 - src.pipeline.queues.image_queue - DEBUG - [image_queue.py:44] - Элемент получен из очереди 'saving'
2026-01-24 17:27:24 - src.pipeline.queues.image_queue - DEBUG - [image_queue.py:49] - task_done() для очереди 'saving'
2026-01-24 17:27:24 - src.pipeline.queues.image_queue - DEBUG - [image_queue.py:54] - Очередь 'processing' обработана полностью
2026-01-24 17:27:24 - src.pipeline.queues.image_queue - DEBUG - [image_queue.py:52] - Ожидание завершения очереди 'saving'
2026-01-24 17:27:24 - src.pipeline.queues.image_queue - DEBUG - [image_queue.py:54] - Очередь 'saving' обработана полностью
2026-01-24 17:27:24 - src.pipeline.pipeline - INFO - [pipeline.py:100] - Pipeline завершён
